<?xml version="1.0" encoding="UTF-8" standalone="no"?>
<!DOCTYPE log SYSTEM "logger.dtd">
<log>
<record>
  <date>2018-01-02T17:25:37</date>
  <millis>1514903137792</millis>
  <sequence>0</sequence>
  <level>START</level>
  <class>com.kms.katalon.core.logging.KeywordLogger</class>
  <method>startSuite</method>
  <thread>1</thread>
  <message>Start Test Suite : KatalonGit</message>
  <nestedLevel>0</nestedLevel>
  <property name="name">KatalonGit</property>
  <property name="description"></property>
  <property name="id">Test Suites/KatalonGit</property>
</record>
<record>
  <date>2018-01-02T17:25:37</date>
  <millis>1514903137847</millis>
  <sequence>1</sequence>
  <level>RUN_DATA</level>
  <class>com.kms.katalon.core.logging.KeywordLogger</class>
  <method>logMessage</method>
  <thread>1</thread>
  <message>Logging run data &amp;apos;hostName&amp;apos; with value &amp;apos;ENguli - LTTECH1550.safaricom.net&amp;apos;</message>
  <nestedLevel>0</nestedLevel>
  <property name="hostName">ENguli - LTTECH1550.safaricom.net</property>
</record>
<record>
  <date>2018-01-02T17:25:37</date>
  <millis>1514903137848</millis>
  <sequence>2</sequence>
  <level>RUN_DATA</level>
  <class>com.kms.katalon.core.logging.KeywordLogger</class>
  <method>logMessage</method>
  <thread>1</thread>
  <message>Logging run data &amp;apos;os&amp;apos; with value &amp;apos;Windows 7 64bit&amp;apos;</message>
  <nestedLevel>0</nestedLevel>
  <property name="os">Windows 7 64bit</property>
</record>
<record>
  <date>2018-01-02T17:25:37</date>
  <millis>1514903137848</millis>
  <sequence>3</sequence>
  <level>RUN_DATA</level>
  <class>com.kms.katalon.core.logging.KeywordLogger</class>
  <method>logMessage</method>
  <thread>1</thread>
  <message>Logging run data &amp;apos;hostAddress&amp;apos; with value &amp;apos;192.168.43.131&amp;apos;</message>
  <nestedLevel>0</nestedLevel>
  <property name="hostAddress">192.168.43.131</property>
</record>
<record>
  <date>2018-01-02T17:25:37</date>
  <millis>1514903137850</millis>
  <sequence>4</sequence>
  <level>RUN_DATA</level>
  <class>com.kms.katalon.core.logging.KeywordLogger</class>
  <method>logMessage</method>
  <thread>1</thread>
  <message>Logging run data &amp;apos;katalonVersion&amp;apos; with value &amp;apos;5.2.0.1&amp;apos;</message>
  <nestedLevel>0</nestedLevel>
  <property name="katalonVersion">5.2.0.1</property>
</record>
<record>
  <date>2018-01-02T17:25:38</date>
  <millis>1514903138295</millis>
  <sequence>5</sequence>
  <level>START</level>
  <class>com.kms.katalon.core.logging.KeywordLogger</class>
  <method>startTest</method>
  <thread>1</thread>
  <message>Start Test Case : Test Cases/Test Case1</message>
  <nestedLevel>1</nestedLevel>
  <property name="name">Test Cases/Test Case1</property>
  <property name="description"></property>
  <property name="id">Test Cases/Test Case1</property>
  <property name="source">C:\\Users\\enguli\\git\\KatalonStudioTestRepoTest Cases\\Test Case1.tc</property>
  <property name="isOptional">false</property>
</record>
<record>
  <date>2018-01-02T17:25:38</date>
  <millis>1514903138535</millis>
  <sequence>6</sequence>
  <level>INFO</level>
  <class>com.kms.katalon.core.logging.KeywordLogger</class>
  <method>logMessage</method>
  <thread>1</thread>
  <message>Evaluating variables for test case</message>
  <nestedLevel>1</nestedLevel>
</record>
<record>
  <date>2018-01-02T17:25:39</date>
  <millis>1514903139109</millis>
  <sequence>7</sequence>
  <level>START</level>
  <class>com.kms.katalon.core.logging.KeywordLogger</class>
  <method>startKeyword</method>
  <thread>1</thread>
  <message>Start action : openBrowser</message>
  <nestedLevel>1</nestedLevel>
  <property name="startLine">23</property>
  <property name="stepIndex">1</property>
</record>
<record>
  <date>2018-01-02T17:25:39</date>
  <millis>1514903139944</millis>
  <sequence>8</sequence>
  <level>INFO</level>
  <class>com.kms.katalon.core.logging.KeywordLogger</class>
  <method>logMessage</method>
  <thread>1</thread>
  <message>Opening browser</message>
  <nestedLevel>1</nestedLevel>
</record>
<record>
  <date>2018-01-02T17:25:39</date>
  <millis>1514903139949</millis>
  <sequence>9</sequence>
  <level>INFO</level>
  <class>com.kms.katalon.core.logging.KeywordLogger</class>
  <method>logMessage</method>
  <thread>1</thread>
  <message>Starting &amp;apos;Chrome&amp;apos; driver</message>
  <nestedLevel>1</nestedLevel>
</record>
<record>
  <date>2018-01-02T17:25:39</date>
  <millis>1514903139976</millis>
  <sequence>10</sequence>
  <level>INFO</level>
  <class>com.kms.katalon.core.logging.KeywordLogger</class>
  <method>logMessage</method>
  <thread>1</thread>
  <message>Action delay is set to 0 seconds</message>
  <nestedLevel>1</nestedLevel>
</record>
<record>
  <date>2018-01-02T17:25:53</date>
  <millis>1514903153169</millis>
  <sequence>12</sequence>
  <level>RUN_DATA</level>
  <class>com.kms.katalon.core.logging.KeywordLogger</class>
  <method>logMessage</method>
  <thread>1</thread>
  <message>Logging run data &amp;apos;sessionId&amp;apos; with value &amp;apos;007440b6ba5adb74759b29debb62e059&amp;apos;</message>
  <nestedLevel>1</nestedLevel>
  <property name="sessionId">007440b6ba5adb74759b29debb62e059</property>
</record>
<record>
  <date>2018-01-02T17:25:53</date>
  <millis>1514903153184</millis>
  <sequence>13</sequence>
  <level>RUN_DATA</level>
  <class>com.kms.katalon.core.logging.KeywordLogger</class>
  <method>logMessage</method>
  <thread>1</thread>
  <message>Logging run data &amp;apos;browser&amp;apos; with value &amp;apos;Chrome 63.0.3239.84&amp;apos;</message>
  <nestedLevel>1</nestedLevel>
  <property name="browser">Chrome 63.0.3239.84</property>
</record>
<record>
  <date>2018-01-02T17:25:53</date>
  <millis>1514903153186</millis>
  <sequence>14</sequence>
  <level>RUN_DATA</level>
  <class>com.kms.katalon.core.logging.KeywordLogger</class>
  <method>logMessage</method>
  <thread>1</thread>
  <message>Logging run data &amp;apos;platform&amp;apos; with value &amp;apos;Windows 7&amp;apos;</message>
  <nestedLevel>1</nestedLevel>
  <property name="platform">Windows 7</property>
</record>
<record>
  <date>2018-01-02T17:25:53</date>
  <millis>1514903153190</millis>
  <sequence>15</sequence>
  <level>RUN_DATA</level>
  <class>com.kms.katalon.core.logging.KeywordLogger</class>
  <method>logMessage</method>
  <thread>1</thread>
  <message>Logging run data &amp;apos;seleniumVersion&amp;apos; with value &amp;apos;3.7.1&amp;apos;</message>
  <nestedLevel>1</nestedLevel>
  <property name="seleniumVersion">3.7.1</property>
</record>
<record>
  <date>2018-01-02T17:25:53</date>
  <millis>1514903153191</millis>
  <sequence>16</sequence>
  <level>RUN_DATA</level>
  <class>com.kms.katalon.core.logging.KeywordLogger</class>
  <method>logMessage</method>
  <thread>1</thread>
  <message>Logging run data &amp;apos;proxyInformation&amp;apos; with value &amp;apos;ProxyInformation{proxyOption=NO_PROXY, proxyServerType=, password=, proxyServerAddress=, proxyServerPort=0}&amp;apos;</message>
  <nestedLevel>1</nestedLevel>
  <property name="proxyInformation">ProxyInformation{proxyOption=NO_PROXY, proxyServerType=, password=, proxyServerAddress=, proxyServerPort=0}</property>
</record>
<record>
  <date>2018-01-02T17:25:53</date>
  <millis>1514903153193</millis>
  <sequence>17</sequence>
  <level>PASSED</level>
  <class>com.kms.katalon.core.logging.KeywordLogger</class>
  <method>logMessage</method>
  <thread>1</thread>
  <message>Browser is opened with url: &amp;apos;&amp;apos;</message>
  <nestedLevel>1</nestedLevel>
</record>
<record>
  <date>2018-01-02T17:25:53</date>
  <millis>1514903153194</millis>
  <sequence>18</sequence>
  <level>END</level>
  <class>com.kms.katalon.core.logging.KeywordLogger</class>
  <method>endKeyword</method>
  <thread>1</thread>
  <message>End action : openBrowser</message>
  <nestedLevel>1</nestedLevel>
</record>
<record>
  <date>2018-01-02T17:25:53</date>
  <millis>1514903153195</millis>
  <sequence>19</sequence>
  <level>START</level>
  <class>com.kms.katalon.core.logging.KeywordLogger</class>
  <method>startKeyword</method>
  <thread>1</thread>
  <message>Start action : navigateToUrl</message>
  <nestedLevel>1</nestedLevel>
  <property name="startLine">25</property>
  <property name="stepIndex">2</property>
</record>
<record>
  <date>2018-01-02T17:25:53</date>
  <millis>1514903153218</millis>
  <sequence>20</sequence>
  <level>INFO</level>
  <class>com.kms.katalon.core.logging.KeywordLogger</class>
  <method>logMessage</method>
  <thread>1</thread>
  <message>Checking url</message>
  <nestedLevel>1</nestedLevel>
</record>
<record>
  <date>2018-01-02T17:25:53</date>
  <millis>1514903153220</millis>
  <sequence>21</sequence>
  <level>INFO</level>
  <class>com.kms.katalon.core.logging.KeywordLogger</class>
  <method>logMessage</method>
  <thread>1</thread>
  <message>Navigating to &amp;apos;http://executeautomation.com/demosite/Login.html&amp;apos;</message>
  <nestedLevel>1</nestedLevel>
</record>
<record>
  <date>2018-01-02T17:26:00</date>
  <millis>1514903160871</millis>
  <sequence>22</sequence>
  <level>PASSED</level>
  <class>com.kms.katalon.core.logging.KeywordLogger</class>
  <method>logMessage</method>
  <thread>1</thread>
  <message>Navigate to &amp;apos;http://executeautomation.com/demosite/Login.html&amp;apos; successfully</message>
  <nestedLevel>1</nestedLevel>
</record>
<record>
  <date>2018-01-02T17:26:00</date>
  <millis>1514903160872</millis>
  <sequence>23</sequence>
  <level>END</level>
  <class>com.kms.katalon.core.logging.KeywordLogger</class>
  <method>endKeyword</method>
  <thread>1</thread>
  <message>End action : navigateToUrl</message>
  <nestedLevel>1</nestedLevel>
</record>
<record>
  <date>2018-01-02T17:26:00</date>
  <millis>1514903160874</millis>
  <sequence>24</sequence>
  <level>START</level>
  <class>com.kms.katalon.core.logging.KeywordLogger</class>
  <method>startKeyword</method>
  <thread>1</thread>
  <message>Start action : setText</message>
  <nestedLevel>1</nestedLevel>
  <property name="startLine">27</property>
  <property name="stepIndex">3</property>
</record>
<record>
  <date>2018-01-02T17:26:00</date>
  <millis>1514903160880</millis>
  <sequence>25</sequence>
  <level>INFO</level>
  <class>com.kms.katalon.core.logging.KeywordLogger</class>
  <method>logMessage</method>
  <thread>1</thread>
  <message>Finding Test Object with id &amp;apos;Object Repository/Page_Execute Automation/input_UserName&amp;apos;</message>
  <nestedLevel>1</nestedLevel>
</record>
<record>
  <date>2018-01-02T17:26:00</date>
  <millis>1514903160965</millis>
  <sequence>26</sequence>
  <level>INFO</level>
  <class>com.kms.katalon.core.logging.KeywordLogger</class>
  <method>logMessage</method>
  <thread>1</thread>
  <message>Checking object</message>
  <nestedLevel>1</nestedLevel>
</record>
<record>
  <date>2018-01-02T17:26:00</date>
  <millis>1514903160966</millis>
  <sequence>27</sequence>
  <level>INFO</level>
  <class>com.kms.katalon.core.logging.KeywordLogger</class>
  <method>logMessage</method>
  <thread>1</thread>
  <message>Checking text</message>
  <nestedLevel>1</nestedLevel>
</record>
<record>
  <date>2018-01-02T17:26:00</date>
  <millis>1514903160967</millis>
  <sequence>28</sequence>
  <level>INFO</level>
  <class>com.kms.katalon.core.logging.KeywordLogger</class>
  <method>logMessage</method>
  <thread>1</thread>
  <message>Checking timeout</message>
  <nestedLevel>1</nestedLevel>
</record>
<record>
  <date>2018-01-02T17:26:00</date>
  <millis>1514903160972</millis>
  <sequence>29</sequence>
  <level>INFO</level>
  <class>com.kms.katalon.core.logging.KeywordLogger</class>
  <method>logMessage</method>
  <thread>1</thread>
  <message>Finding web element with id: &amp;apos;Object Repository/Page_Execute Automation/input_UserName&amp;apos; located by &amp;apos;By.xpath: //input[count(. | //*[@name = &amp;apos;UserName&amp;apos;]) = count(//*[@name = &amp;apos;UserName&amp;apos;])][count(. | //*[@type = &amp;apos;text&amp;apos;]) = count(//*[@type = &amp;apos;text&amp;apos;])]&amp;apos; in &amp;apos;30&amp;apos; second(s)</message>
  <nestedLevel>1</nestedLevel>
</record>
<record>
  <date>2018-01-02T17:26:00</date>
  <millis>1514903160994</millis>
  <sequence>30</sequence>
  <level>INFO</level>
  <class>com.kms.katalon.core.logging.KeywordLogger</class>
  <method>logMessage</method>
  <thread>1</thread>
  <message>Found 1 web elements with id: &amp;apos;Object Repository/Page_Execute Automation/input_UserName&amp;apos; located by &amp;apos;By.xpath: //input[count(. | //*[@name = &amp;apos;UserName&amp;apos;]) = count(//*[@name = &amp;apos;UserName&amp;apos;])][count(. | //*[@type = &amp;apos;text&amp;apos;]) = count(//*[@type = &amp;apos;text&amp;apos;])]&amp;apos; in &amp;apos;30&amp;apos; second(s)</message>
  <nestedLevel>1</nestedLevel>
</record>
<record>
  <date>2018-01-02T17:26:00</date>
  <millis>1514903160995</millis>
  <sequence>31</sequence>
  <level>INFO</level>
  <class>com.kms.katalon.core.logging.KeywordLogger</class>
  <method>logMessage</method>
  <thread>1</thread>
  <message>Clearing text of object &amp;apos;Object Repository/Page_Execute Automation/input_UserName&amp;apos;</message>
  <nestedLevel>1</nestedLevel>
</record>
<record>
  <date>2018-01-02T17:26:01</date>
  <millis>1514903161018</millis>
  <sequence>32</sequence>
  <level>INFO</level>
  <class>com.kms.katalon.core.logging.KeywordLogger</class>
  <method>logMessage</method>
  <thread>1</thread>
  <message>Checking timeout</message>
  <nestedLevel>1</nestedLevel>
</record>
<record>
  <date>2018-01-02T17:26:01</date>
  <millis>1514903161018</millis>
  <sequence>33</sequence>
  <level>INFO</level>
  <class>com.kms.katalon.core.logging.KeywordLogger</class>
  <method>logMessage</method>
  <thread>1</thread>
  <message>Finding web element with id: &amp;apos;Object Repository/Page_Execute Automation/input_UserName&amp;apos; located by &amp;apos;By.xpath: //input[count(. | //*[@name = &amp;apos;UserName&amp;apos;]) = count(//*[@name = &amp;apos;UserName&amp;apos;])][count(. | //*[@type = &amp;apos;text&amp;apos;]) = count(//*[@type = &amp;apos;text&amp;apos;])]&amp;apos; in &amp;apos;30&amp;apos; second(s)</message>
  <nestedLevel>1</nestedLevel>
</record>
<record>
  <date>2018-01-02T17:26:01</date>
  <millis>1514903161031</millis>
  <sequence>34</sequence>
  <level>INFO</level>
  <class>com.kms.katalon.core.logging.KeywordLogger</class>
  <method>logMessage</method>
  <thread>1</thread>
  <message>Found 1 web elements with id: &amp;apos;Object Repository/Page_Execute Automation/input_UserName&amp;apos; located by &amp;apos;By.xpath: //input[count(. | //*[@name = &amp;apos;UserName&amp;apos;]) = count(//*[@name = &amp;apos;UserName&amp;apos;])][count(. | //*[@type = &amp;apos;text&amp;apos;]) = count(//*[@type = &amp;apos;text&amp;apos;])]&amp;apos; in &amp;apos;30&amp;apos; second(s)</message>
  <nestedLevel>1</nestedLevel>
</record>
<record>
  <date>2018-01-02T17:26:01</date>
  <millis>1514903161037</millis>
  <sequence>35</sequence>
  <level>INFO</level>
  <class>com.kms.katalon.core.logging.KeywordLogger</class>
  <method>logMessage</method>
  <thread>1</thread>
  <message>Setting text of object &amp;apos;Object Repository/Page_Execute Automation/input_UserName&amp;apos; to value &amp;apos;admin&amp;apos;</message>
  <nestedLevel>1</nestedLevel>
</record>
<record>
  <date>2018-01-02T17:26:01</date>
  <millis>1514903161089</millis>
  <sequence>36</sequence>
  <level>PASSED</level>
  <class>com.kms.katalon.core.logging.KeywordLogger</class>
  <method>logMessage</method>
  <thread>1</thread>
  <message>Text &amp;apos;admin&amp;apos; is set on object &amp;apos;Object Repository/Page_Execute Automation/input_UserName&amp;apos;</message>
  <nestedLevel>1</nestedLevel>
</record>
<record>
  <date>2018-01-02T17:26:01</date>
  <millis>1514903161089</millis>
  <sequence>37</sequence>
  <level>END</level>
  <class>com.kms.katalon.core.logging.KeywordLogger</class>
  <method>endKeyword</method>
  <thread>1</thread>
  <message>End action : setText</message>
  <nestedLevel>1</nestedLevel>
</record>
<record>
  <date>2018-01-02T17:26:01</date>
  <millis>1514903161090</millis>
  <sequence>38</sequence>
  <level>START</level>
  <class>com.kms.katalon.core.logging.KeywordLogger</class>
  <method>startKeyword</method>
  <thread>1</thread>
  <message>Start action : setText</message>
  <nestedLevel>1</nestedLevel>
  <property name="startLine">29</property>
  <property name="stepIndex">4</property>
</record>
<record>
  <date>2018-01-02T17:26:01</date>
  <millis>1514903161091</millis>
  <sequence>39</sequence>
  <level>INFO</level>
  <class>com.kms.katalon.core.logging.KeywordLogger</class>
  <method>logMessage</method>
  <thread>1</thread>
  <message>Finding Test Object with id &amp;apos;Object Repository/Page_Execute Automation/input_Password&amp;apos;</message>
  <nestedLevel>1</nestedLevel>
</record>
<record>
  <date>2018-01-02T17:26:01</date>
  <millis>1514903161138</millis>
  <sequence>40</sequence>
  <level>INFO</level>
  <class>com.kms.katalon.core.logging.KeywordLogger</class>
  <method>logMessage</method>
  <thread>1</thread>
  <message>Checking object</message>
  <nestedLevel>1</nestedLevel>
</record>
<record>
  <date>2018-01-02T17:26:01</date>
  <millis>1514903161139</millis>
  <sequence>41</sequence>
  <level>INFO</level>
  <class>com.kms.katalon.core.logging.KeywordLogger</class>
  <method>logMessage</method>
  <thread>1</thread>
  <message>Checking text</message>
  <nestedLevel>1</nestedLevel>
</record>
<record>
  <date>2018-01-02T17:26:01</date>
  <millis>1514903161148</millis>
  <sequence>42</sequence>
  <level>INFO</level>
  <class>com.kms.katalon.core.logging.KeywordLogger</class>
  <method>logMessage</method>
  <thread>1</thread>
  <message>Checking timeout</message>
  <nestedLevel>1</nestedLevel>
</record>
<record>
  <date>2018-01-02T17:26:01</date>
  <millis>1514903161157</millis>
  <sequence>43</sequence>
  <level>INFO</level>
  <class>com.kms.katalon.core.logging.KeywordLogger</class>
  <method>logMessage</method>
  <thread>1</thread>
  <message>Finding web element with id: &amp;apos;Object Repository/Page_Execute Automation/input_Password&amp;apos; located by &amp;apos;By.xpath: //input[count(. | //*[@name = &amp;apos;Password&amp;apos;]) = count(//*[@name = &amp;apos;Password&amp;apos;])][count(. | //*[@type = &amp;apos;text&amp;apos;]) = count(//*[@type = &amp;apos;text&amp;apos;])]&amp;apos; in &amp;apos;30&amp;apos; second(s)</message>
  <nestedLevel>1</nestedLevel>
</record>
<record>
  <date>2018-01-02T17:26:01</date>
  <millis>1514903161182</millis>
  <sequence>44</sequence>
  <level>INFO</level>
  <class>com.kms.katalon.core.logging.KeywordLogger</class>
  <method>logMessage</method>
  <thread>1</thread>
  <message>Found 1 web elements with id: &amp;apos;Object Repository/Page_Execute Automation/input_Password&amp;apos; located by &amp;apos;By.xpath: //input[count(. | //*[@name = &amp;apos;Password&amp;apos;]) = count(//*[@name = &amp;apos;Password&amp;apos;])][count(. | //*[@type = &amp;apos;text&amp;apos;]) = count(//*[@type = &amp;apos;text&amp;apos;])]&amp;apos; in &amp;apos;30&amp;apos; second(s)</message>
  <nestedLevel>1</nestedLevel>
</record>
<record>
  <date>2018-01-02T17:26:01</date>
  <millis>1514903161182</millis>
  <sequence>45</sequence>
  <level>INFO</level>
  <class>com.kms.katalon.core.logging.KeywordLogger</class>
  <method>logMessage</method>
  <thread>1</thread>
  <message>Clearing text of object &amp;apos;Object Repository/Page_Execute Automation/input_Password&amp;apos;</message>
  <nestedLevel>1</nestedLevel>
</record>
<record>
  <date>2018-01-02T17:26:01</date>
  <millis>1514903161205</millis>
  <sequence>46</sequence>
  <level>INFO</level>
  <class>com.kms.katalon.core.logging.KeywordLogger</class>
  <method>logMessage</method>
  <thread>1</thread>
  <message>Checking timeout</message>
  <nestedLevel>1</nestedLevel>
</record>
<record>
  <date>2018-01-02T17:26:01</date>
  <millis>1514903161206</millis>
  <sequence>47</sequence>
  <level>INFO</level>
  <class>com.kms.katalon.core.logging.KeywordLogger</class>
  <method>logMessage</method>
  <thread>1</thread>
  <message>Finding web element with id: &amp;apos;Object Repository/Page_Execute Automation/input_Password&amp;apos; located by &amp;apos;By.xpath: //input[count(. | //*[@name = &amp;apos;Password&amp;apos;]) = count(//*[@name = &amp;apos;Password&amp;apos;])][count(. | //*[@type = &amp;apos;text&amp;apos;]) = count(//*[@type = &amp;apos;text&amp;apos;])]&amp;apos; in &amp;apos;30&amp;apos; second(s)</message>
  <nestedLevel>1</nestedLevel>
</record>
<record>
  <date>2018-01-02T17:26:01</date>
  <millis>1514903161220</millis>
  <sequence>48</sequence>
  <level>INFO</level>
  <class>com.kms.katalon.core.logging.KeywordLogger</class>
  <method>logMessage</method>
  <thread>1</thread>
  <message>Found 1 web elements with id: &amp;apos;Object Repository/Page_Execute Automation/input_Password&amp;apos; located by &amp;apos;By.xpath: //input[count(. | //*[@name = &amp;apos;Password&amp;apos;]) = count(//*[@name = &amp;apos;Password&amp;apos;])][count(. | //*[@type = &amp;apos;text&amp;apos;]) = count(//*[@type = &amp;apos;text&amp;apos;])]&amp;apos; in &amp;apos;30&amp;apos; second(s)</message>
  <nestedLevel>1</nestedLevel>
</record>
<record>
  <date>2018-01-02T17:26:01</date>
  <millis>1514903161220</millis>
  <sequence>49</sequence>
  <level>INFO</level>
  <class>com.kms.katalon.core.logging.KeywordLogger</class>
  <method>logMessage</method>
  <thread>1</thread>
  <message>Setting text of object &amp;apos;Object Repository/Page_Execute Automation/input_Password&amp;apos; to value &amp;apos;admin&amp;apos;</message>
  <nestedLevel>1</nestedLevel>
</record>
<record>
  <date>2018-01-02T17:26:01</date>
  <millis>1514903161367</millis>
  <sequence>50</sequence>
  <level>PASSED</level>
  <class>com.kms.katalon.core.logging.KeywordLogger</class>
  <method>logMessage</method>
  <thread>1</thread>
  <message>Text &amp;apos;admin&amp;apos; is set on object &amp;apos;Object Repository/Page_Execute Automation/input_Password&amp;apos;</message>
  <nestedLevel>1</nestedLevel>
</record>
<record>
  <date>2018-01-02T17:26:01</date>
  <millis>1514903161368</millis>
  <sequence>51</sequence>
  <level>END</level>
  <class>com.kms.katalon.core.logging.KeywordLogger</class>
  <method>endKeyword</method>
  <thread>1</thread>
  <message>End action : setText</message>
  <nestedLevel>1</nestedLevel>
</record>
<record>
  <date>2018-01-02T17:26:01</date>
  <millis>1514903161369</millis>
  <sequence>52</sequence>
  <level>START</level>
  <class>com.kms.katalon.core.logging.KeywordLogger</class>
  <method>startKeyword</method>
  <thread>1</thread>
  <message>Start action : click</message>
  <nestedLevel>1</nestedLevel>
  <property name="startLine">31</property>
  <property name="stepIndex">5</property>
</record>
<record>
  <date>2018-01-02T17:26:01</date>
  <millis>1514903161370</millis>
  <sequence>53</sequence>
  <level>INFO</level>
  <class>com.kms.katalon.core.logging.KeywordLogger</class>
  <method>logMessage</method>
  <thread>1</thread>
  <message>Finding Test Object with id &amp;apos;Object Repository/Page_Execute Automation/input_Login&amp;apos;</message>
  <nestedLevel>1</nestedLevel>
</record>
<record>
  <date>2018-01-02T17:26:01</date>
  <millis>1514903161446</millis>
  <sequence>54</sequence>
  <level>INFO</level>
  <class>com.kms.katalon.core.logging.KeywordLogger</class>
  <method>logMessage</method>
  <thread>1</thread>
  <message>Checking object</message>
  <nestedLevel>1</nestedLevel>
</record>
<record>
  <date>2018-01-02T17:26:01</date>
  <millis>1514903161447</millis>
  <sequence>55</sequence>
  <level>INFO</level>
  <class>com.kms.katalon.core.logging.KeywordLogger</class>
  <method>logMessage</method>
  <thread>1</thread>
  <message>Checking timeout</message>
  <nestedLevel>1</nestedLevel>
</record>
<record>
  <date>2018-01-02T17:26:01</date>
  <millis>1514903161448</millis>
  <sequence>56</sequence>
  <level>INFO</level>
  <class>com.kms.katalon.core.logging.KeywordLogger</class>
  <method>logMessage</method>
  <thread>1</thread>
  <message>Finding web element with id: &amp;apos;Object Repository/Page_Execute Automation/input_Login&amp;apos; located by &amp;apos;By.xpath: //input[count(. | //*[@name = &amp;apos;Login&amp;apos;]) = count(//*[@name = &amp;apos;Login&amp;apos;])][count(. | //*[@type = &amp;apos;submit&amp;apos;]) = count(//*[@type = &amp;apos;submit&amp;apos;])]&amp;apos; in &amp;apos;30&amp;apos; second(s)</message>
  <nestedLevel>1</nestedLevel>
</record>
<record>
  <date>2018-01-02T17:26:01</date>
  <millis>1514903161505</millis>
  <sequence>57</sequence>
  <level>INFO</level>
  <class>com.kms.katalon.core.logging.KeywordLogger</class>
  <method>logMessage</method>
  <thread>1</thread>
  <message>Found 1 web elements with id: &amp;apos;Object Repository/Page_Execute Automation/input_Login&amp;apos; located by &amp;apos;By.xpath: //input[count(. | //*[@name = &amp;apos;Login&amp;apos;]) = count(//*[@name = &amp;apos;Login&amp;apos;])][count(. | //*[@type = &amp;apos;submit&amp;apos;]) = count(//*[@type = &amp;apos;submit&amp;apos;])]&amp;apos; in &amp;apos;30&amp;apos; second(s)</message>
  <nestedLevel>1</nestedLevel>
</record>
<record>
  <date>2018-01-02T17:26:01</date>
  <millis>1514903161505</millis>
  <sequence>58</sequence>
  <level>INFO</level>
  <class>com.kms.katalon.core.logging.KeywordLogger</class>
  <method>logMessage</method>
  <thread>1</thread>
  <message>Clicking on object: &amp;apos;Object Repository/Page_Execute Automation/input_Login&amp;apos;</message>
  <nestedLevel>1</nestedLevel>
</record>
<record>
  <date>2018-01-02T17:26:02</date>
  <millis>1514903162360</millis>
  <sequence>59</sequence>
  <level>PASSED</level>
  <class>com.kms.katalon.core.logging.KeywordLogger</class>
  <method>logMessage</method>
  <thread>1</thread>
  <message>Object: &amp;apos;Object Repository/Page_Execute Automation/input_Login&amp;apos; is clicked on</message>
  <nestedLevel>1</nestedLevel>
</record>
<record>
  <date>2018-01-02T17:26:02</date>
  <millis>1514903162361</millis>
  <sequence>60</sequence>
  <level>END</level>
  <class>com.kms.katalon.core.logging.KeywordLogger</class>
  <method>endKeyword</method>
  <thread>1</thread>
  <message>End action : click</message>
  <nestedLevel>1</nestedLevel>
</record>
<record>
  <date>2018-01-02T17:26:02</date>
  <millis>1514903162361</millis>
  <sequence>61</sequence>
  <level>START</level>
  <class>com.kms.katalon.core.logging.KeywordLogger</class>
  <method>startKeyword</method>
  <thread>1</thread>
  <message>Start action : closeBrowser</message>
  <nestedLevel>1</nestedLevel>
  <property name="startLine">33</property>
  <property name="stepIndex">6</property>
</record>
<record>
  <date>2018-01-02T17:26:02</date>
  <millis>1514903162376</millis>
  <sequence>62</sequence>
  <level>INFO</level>
  <class>com.kms.katalon.core.logging.KeywordLogger</class>
  <method>logMessage</method>
  <thread>1</thread>
  <message>Closing browser</message>
  <nestedLevel>1</nestedLevel>
</record>
<record>
  <date>2018-01-02T17:26:04</date>
  <millis>1514903164782</millis>
  <sequence>63</sequence>
  <level>PASSED</level>
  <class>com.kms.katalon.core.logging.KeywordLogger</class>
  <method>logMessage</method>
  <thread>1</thread>
  <message>Browser is closed</message>
  <nestedLevel>1</nestedLevel>
</record>
<record>
  <date>2018-01-02T17:26:04</date>
  <millis>1514903164784</millis>
  <sequence>64</sequence>
  <level>END</level>
  <class>com.kms.katalon.core.logging.KeywordLogger</class>
  <method>endKeyword</method>
  <thread>1</thread>
  <message>End action : closeBrowser</message>
  <nestedLevel>1</nestedLevel>
</record>
<record>
  <date>2018-01-02T17:26:04</date>
  <millis>1514903164789</millis>
  <sequence>65</sequence>
  <level>PASSED</level>
  <class>com.kms.katalon.core.logging.KeywordLogger</class>
  <method>logMessage</method>
  <thread>1</thread>
  <message>Test Cases/Test Case1</message>
  <nestedLevel>1</nestedLevel>
</record>
<record>
  <date>2018-01-02T17:26:04</date>
  <millis>1514903164790</millis>
  <sequence>66</sequence>
  <level>END</level>
  <class>com.kms.katalon.core.logging.KeywordLogger</class>
  <method>endTest</method>
  <thread>1</thread>
  <message>End Test Case : Test Cases/Test Case1</message>
  <nestedLevel>0</nestedLevel>
</record>
<record>
  <date>2018-01-02T17:26:04</date>
  <millis>1514903164862</millis>
  <sequence>67</sequence>
  <level>START</level>
  <class>com.kms.katalon.core.logging.KeywordLogger</class>
  <method>startTest</method>
  <thread>1</thread>
  <message>Start Test Case : Test Cases/Test Case 2</message>
  <nestedLevel>1</nestedLevel>
  <property name="name">Test Cases/Test Case 2</property>
  <property name="description"></property>
  <property name="id">Test Cases/Test Case 2</property>
  <property name="source">C:\\Users\\enguli\\git\\KatalonStudioTestRepoTest Cases\\Test Case 2.tc</property>
  <property name="isOptional">false</property>
</record>
<record>
  <date>2018-01-02T17:26:04</date>
  <millis>1514903164904</millis>
  <sequence>68</sequence>
  <level>INFO</level>
  <class>com.kms.katalon.core.logging.KeywordLogger</class>
  <method>logMessage</method>
  <thread>1</thread>
  <message>Evaluating variables for test case</message>
  <nestedLevel>1</nestedLevel>
</record>
<record>
  <date>2018-01-02T17:26:05</date>
  <millis>1514903165105</millis>
  <sequence>69</sequence>
  <level>START</level>
  <class>com.kms.katalon.core.logging.KeywordLogger</class>
  <method>startKeyword</method>
  <thread>1</thread>
  <message>Start action : openBrowser</message>
  <nestedLevel>1</nestedLevel>
  <property name="startLine">23</property>
  <property name="stepIndex">1</property>
</record>
<record>
  <date>2018-01-02T17:26:05</date>
  <millis>1514903165106</millis>
  <sequence>70</sequence>
  <level>INFO</level>
  <class>com.kms.katalon.core.logging.KeywordLogger</class>
  <method>logMessage</method>
  <thread>1</thread>
  <message>Opening browser</message>
  <nestedLevel>1</nestedLevel>
</record>
<record>
  <date>2018-01-02T17:26:05</date>
  <millis>1514903165106</millis>
  <sequence>71</sequence>
  <level>INFO</level>
  <class>com.kms.katalon.core.logging.KeywordLogger</class>
  <method>logMessage</method>
  <thread>1</thread>
  <message>Starting &amp;apos;Chrome&amp;apos; driver</message>
  <nestedLevel>1</nestedLevel>
</record>
<record>
  <date>2018-01-02T17:26:12</date>
  <millis>1514903172821</millis>
  <sequence>73</sequence>
  <level>RUN_DATA</level>
  <class>com.kms.katalon.core.logging.KeywordLogger</class>
  <method>logMessage</method>
  <thread>1</thread>
  <message>Logging run data &amp;apos;sessionId&amp;apos; with value &amp;apos;38fad5cd09c2b2552d790af3dc0df5b1&amp;apos;</message>
  <nestedLevel>1</nestedLevel>
  <property name="sessionId">38fad5cd09c2b2552d790af3dc0df5b1</property>
</record>
<record>
  <date>2018-01-02T17:26:12</date>
  <millis>1514903172835</millis>
  <sequence>74</sequence>
  <level>RUN_DATA</level>
  <class>com.kms.katalon.core.logging.KeywordLogger</class>
  <method>logMessage</method>
  <thread>1</thread>
  <message>Logging run data &amp;apos;browser&amp;apos; with value &amp;apos;Chrome 63.0.3239.84&amp;apos;</message>
  <nestedLevel>1</nestedLevel>
  <property name="browser">Chrome 63.0.3239.84</property>
</record>
<record>
  <date>2018-01-02T17:26:12</date>
  <millis>1514903172835</millis>
  <sequence>75</sequence>
  <level>RUN_DATA</level>
  <class>com.kms.katalon.core.logging.KeywordLogger</class>
  <method>logMessage</method>
  <thread>1</thread>
  <message>Logging run data &amp;apos;platform&amp;apos; with value &amp;apos;Windows 7&amp;apos;</message>
  <nestedLevel>1</nestedLevel>
  <property name="platform">Windows 7</property>
</record>
<record>
  <date>2018-01-02T17:26:12</date>
  <millis>1514903172836</millis>
  <sequence>76</sequence>
  <level>RUN_DATA</level>
  <class>com.kms.katalon.core.logging.KeywordLogger</class>
  <method>logMessage</method>
  <thread>1</thread>
  <message>Logging run data &amp;apos;seleniumVersion&amp;apos; with value &amp;apos;3.7.1&amp;apos;</message>
  <nestedLevel>1</nestedLevel>
  <property name="seleniumVersion">3.7.1</property>
</record>
<record>
  <date>2018-01-02T17:26:12</date>
  <millis>1514903172837</millis>
  <sequence>77</sequence>
  <level>RUN_DATA</level>
  <class>com.kms.katalon.core.logging.KeywordLogger</class>
  <method>logMessage</method>
  <thread>1</thread>
  <message>Logging run data &amp;apos;proxyInformation&amp;apos; with value &amp;apos;ProxyInformation{proxyOption=NO_PROXY, proxyServerType=, password=, proxyServerAddress=, proxyServerPort=0}&amp;apos;</message>
  <nestedLevel>1</nestedLevel>
  <property name="proxyInformation">ProxyInformation{proxyOption=NO_PROXY, proxyServerType=, password=, proxyServerAddress=, proxyServerPort=0}</property>
</record>
<record>
  <date>2018-01-02T17:26:12</date>
  <millis>1514903172838</millis>
  <sequence>78</sequence>
  <level>PASSED</level>
  <class>com.kms.katalon.core.logging.KeywordLogger</class>
  <method>logMessage</method>
  <thread>1</thread>
  <message>Browser is opened with url: &amp;apos;&amp;apos;</message>
  <nestedLevel>1</nestedLevel>
</record>
<record>
  <date>2018-01-02T17:26:12</date>
  <millis>1514903172838</millis>
  <sequence>79</sequence>
  <level>END</level>
  <class>com.kms.katalon.core.logging.KeywordLogger</class>
  <method>endKeyword</method>
  <thread>1</thread>
  <message>End action : openBrowser</message>
  <nestedLevel>1</nestedLevel>
</record>
<record>
  <date>2018-01-02T17:26:12</date>
  <millis>1514903172839</millis>
  <sequence>80</sequence>
  <level>START</level>
  <class>com.kms.katalon.core.logging.KeywordLogger</class>
  <method>startKeyword</method>
  <thread>1</thread>
  <message>Start action : navigateToUrl</message>
  <nestedLevel>1</nestedLevel>
  <property name="startLine">25</property>
  <property name="stepIndex">2</property>
</record>
<record>
  <date>2018-01-02T17:26:12</date>
  <millis>1514903172839</millis>
  <sequence>81</sequence>
  <level>INFO</level>
  <class>com.kms.katalon.core.logging.KeywordLogger</class>
  <method>logMessage</method>
  <thread>1</thread>
  <message>Checking url</message>
  <nestedLevel>1</nestedLevel>
</record>
<record>
  <date>2018-01-02T17:26:12</date>
  <millis>1514903172840</millis>
  <sequence>82</sequence>
  <level>INFO</level>
  <class>com.kms.katalon.core.logging.KeywordLogger</class>
  <method>logMessage</method>
  <thread>1</thread>
  <message>Navigating to &amp;apos;http://executeautomation.com/demosite/Login.html&amp;apos;</message>
  <nestedLevel>1</nestedLevel>
</record>
<record>
  <date>2018-01-02T17:26:16</date>
  <millis>1514903176512</millis>
  <sequence>83</sequence>
  <level>PASSED</level>
  <class>com.kms.katalon.core.logging.KeywordLogger</class>
  <method>logMessage</method>
  <thread>1</thread>
  <message>Navigate to &amp;apos;http://executeautomation.com/demosite/Login.html&amp;apos; successfully</message>
  <nestedLevel>1</nestedLevel>
</record>
<record>
  <date>2018-01-02T17:26:16</date>
  <millis>1514903176513</millis>
  <sequence>84</sequence>
  <level>END</level>
  <class>com.kms.katalon.core.logging.KeywordLogger</class>
  <method>endKeyword</method>
  <thread>1</thread>
  <message>End action : navigateToUrl</message>
  <nestedLevel>1</nestedLevel>
</record>
<record>
  <date>2018-01-02T17:26:16</date>
  <millis>1514903176513</millis>
  <sequence>85</sequence>
  <level>START</level>
  <class>com.kms.katalon.core.logging.KeywordLogger</class>
  <method>startKeyword</method>
  <thread>1</thread>
  <message>Start action : setText</message>
  <nestedLevel>1</nestedLevel>
  <property name="startLine">27</property>
  <property name="stepIndex">3</property>
</record>
<record>
  <date>2018-01-02T17:26:16</date>
  <millis>1514903176514</millis>
  <sequence>86</sequence>
  <level>INFO</level>
  <class>com.kms.katalon.core.logging.KeywordLogger</class>
  <method>logMessage</method>
  <thread>1</thread>
  <message>Finding Test Object with id &amp;apos;Object Repository/Page_Execute Automation (1)/input_UserName&amp;apos;</message>
  <nestedLevel>1</nestedLevel>
</record>
<record>
  <date>2018-01-02T17:26:16</date>
  <millis>1514903176534</millis>
  <sequence>87</sequence>
  <level>INFO</level>
  <class>com.kms.katalon.core.logging.KeywordLogger</class>
  <method>logMessage</method>
  <thread>1</thread>
  <message>Checking object</message>
  <nestedLevel>1</nestedLevel>
</record>
<record>
  <date>2018-01-02T17:26:16</date>
  <millis>1514903176535</millis>
  <sequence>88</sequence>
  <level>INFO</level>
  <class>com.kms.katalon.core.logging.KeywordLogger</class>
  <method>logMessage</method>
  <thread>1</thread>
  <message>Checking text</message>
  <nestedLevel>1</nestedLevel>
</record>
<record>
  <date>2018-01-02T17:26:16</date>
  <millis>1514903176535</millis>
  <sequence>89</sequence>
  <level>INFO</level>
  <class>com.kms.katalon.core.logging.KeywordLogger</class>
  <method>logMessage</method>
  <thread>1</thread>
  <message>Checking timeout</message>
  <nestedLevel>1</nestedLevel>
</record>
<record>
  <date>2018-01-02T17:26:16</date>
  <millis>1514903176536</millis>
  <sequence>90</sequence>
  <level>INFO</level>
  <class>com.kms.katalon.core.logging.KeywordLogger</class>
  <method>logMessage</method>
  <thread>1</thread>
  <message>Finding web element with id: &amp;apos;Object Repository/Page_Execute Automation (1)/input_UserName&amp;apos; located by &amp;apos;By.xpath: //input[count(. | //*[@name = &amp;apos;UserName&amp;apos;]) = count(//*[@name = &amp;apos;UserName&amp;apos;])][count(. | //*[@type = &amp;apos;text&amp;apos;]) = count(//*[@type = &amp;apos;text&amp;apos;])]&amp;apos; in &amp;apos;30&amp;apos; second(s)</message>
  <nestedLevel>1</nestedLevel>
</record>
<record>
  <date>2018-01-02T17:26:16</date>
  <millis>1514903176555</millis>
  <sequence>91</sequence>
  <level>INFO</level>
  <class>com.kms.katalon.core.logging.KeywordLogger</class>
  <method>logMessage</method>
  <thread>1</thread>
  <message>Found 1 web elements with id: &amp;apos;Object Repository/Page_Execute Automation (1)/input_UserName&amp;apos; located by &amp;apos;By.xpath: //input[count(. | //*[@name = &amp;apos;UserName&amp;apos;]) = count(//*[@name = &amp;apos;UserName&amp;apos;])][count(. | //*[@type = &amp;apos;text&amp;apos;]) = count(//*[@type = &amp;apos;text&amp;apos;])]&amp;apos; in &amp;apos;30&amp;apos; second(s)</message>
  <nestedLevel>1</nestedLevel>
</record>
<record>
  <date>2018-01-02T17:26:16</date>
  <millis>1514903176556</millis>
  <sequence>92</sequence>
  <level>INFO</level>
  <class>com.kms.katalon.core.logging.KeywordLogger</class>
  <method>logMessage</method>
  <thread>1</thread>
  <message>Clearing text of object &amp;apos;Object Repository/Page_Execute Automation (1)/input_UserName&amp;apos;</message>
  <nestedLevel>1</nestedLevel>
</record>
<record>
  <date>2018-01-02T17:26:16</date>
  <millis>1514903176580</millis>
  <sequence>93</sequence>
  <level>INFO</level>
  <class>com.kms.katalon.core.logging.KeywordLogger</class>
  <method>logMessage</method>
  <thread>1</thread>
  <message>Checking timeout</message>
  <nestedLevel>1</nestedLevel>
</record>
<record>
  <date>2018-01-02T17:26:16</date>
  <millis>1514903176581</millis>
  <sequence>94</sequence>
  <level>INFO</level>
  <class>com.kms.katalon.core.logging.KeywordLogger</class>
  <method>logMessage</method>
  <thread>1</thread>
  <message>Finding web element with id: &amp;apos;Object Repository/Page_Execute Automation (1)/input_UserName&amp;apos; located by &amp;apos;By.xpath: //input[count(. | //*[@name = &amp;apos;UserName&amp;apos;]) = count(//*[@name = &amp;apos;UserName&amp;apos;])][count(. | //*[@type = &amp;apos;text&amp;apos;]) = count(//*[@type = &amp;apos;text&amp;apos;])]&amp;apos; in &amp;apos;30&amp;apos; second(s)</message>
  <nestedLevel>1</nestedLevel>
</record>
<record>
  <date>2018-01-02T17:26:16</date>
  <millis>1514903176591</millis>
  <sequence>95</sequence>
  <level>INFO</level>
  <class>com.kms.katalon.core.logging.KeywordLogger</class>
  <method>logMessage</method>
  <thread>1</thread>
  <message>Found 1 web elements with id: &amp;apos;Object Repository/Page_Execute Automation (1)/input_UserName&amp;apos; located by &amp;apos;By.xpath: //input[count(. | //*[@name = &amp;apos;UserName&amp;apos;]) = count(//*[@name = &amp;apos;UserName&amp;apos;])][count(. | //*[@type = &amp;apos;text&amp;apos;]) = count(//*[@type = &amp;apos;text&amp;apos;])]&amp;apos; in &amp;apos;30&amp;apos; second(s)</message>
  <nestedLevel>1</nestedLevel>
</record>
<record>
  <date>2018-01-02T17:26:16</date>
  <millis>1514903176592</millis>
  <sequence>96</sequence>
  <level>INFO</level>
  <class>com.kms.katalon.core.logging.KeywordLogger</class>
  <method>logMessage</method>
  <thread>1</thread>
  <message>Setting text of object &amp;apos;Object Repository/Page_Execute Automation (1)/input_UserName&amp;apos; to value &amp;apos;admin&amp;apos;</message>
  <nestedLevel>1</nestedLevel>
</record>
<record>
  <date>2018-01-02T17:26:16</date>
  <millis>1514903176643</millis>
  <sequence>97</sequence>
  <level>PASSED</level>
  <class>com.kms.katalon.core.logging.KeywordLogger</class>
  <method>logMessage</method>
  <thread>1</thread>
  <message>Text &amp;apos;admin&amp;apos; is set on object &amp;apos;Object Repository/Page_Execute Automation (1)/input_UserName&amp;apos;</message>
  <nestedLevel>1</nestedLevel>
</record>
<record>
  <date>2018-01-02T17:26:16</date>
  <millis>1514903176643</millis>
  <sequence>98</sequence>
  <level>END</level>
  <class>com.kms.katalon.core.logging.KeywordLogger</class>
  <method>endKeyword</method>
  <thread>1</thread>
  <message>End action : setText</message>
  <nestedLevel>1</nestedLevel>
</record>
<record>
  <date>2018-01-02T17:26:16</date>
  <millis>1514903176643</millis>
  <sequence>99</sequence>
  <level>START</level>
  <class>com.kms.katalon.core.logging.KeywordLogger</class>
  <method>startKeyword</method>
  <thread>1</thread>
  <message>Start action : setText</message>
  <nestedLevel>1</nestedLevel>
  <property name="startLine">29</property>
  <property name="stepIndex">4</property>
</record>
<record>
  <date>2018-01-02T17:26:16</date>
  <millis>1514903176643</millis>
  <sequence>100</sequence>
  <level>INFO</level>
  <class>com.kms.katalon.core.logging.KeywordLogger</class>
  <method>logMessage</method>
  <thread>1</thread>
  <message>Finding Test Object with id &amp;apos;Object Repository/Page_Execute Automation (1)/input_Password&amp;apos;</message>
  <nestedLevel>1</nestedLevel>
</record>
<record>
  <date>2018-01-02T17:26:16</date>
  <millis>1514903176662</millis>
  <sequence>101</sequence>
  <level>INFO</level>
  <class>com.kms.katalon.core.logging.KeywordLogger</class>
  <method>logMessage</method>
  <thread>1</thread>
  <message>Checking object</message>
  <nestedLevel>1</nestedLevel>
</record>
<record>
  <date>2018-01-02T17:26:16</date>
  <millis>1514903176662</millis>
  <sequence>102</sequence>
  <level>INFO</level>
  <class>com.kms.katalon.core.logging.KeywordLogger</class>
  <method>logMessage</method>
  <thread>1</thread>
  <message>Checking text</message>
  <nestedLevel>1</nestedLevel>
</record>
<record>
  <date>2018-01-02T17:26:16</date>
  <millis>1514903176662</millis>
  <sequence>103</sequence>
  <level>INFO</level>
  <class>com.kms.katalon.core.logging.KeywordLogger</class>
  <method>logMessage</method>
  <thread>1</thread>
  <message>Checking timeout</message>
  <nestedLevel>1</nestedLevel>
</record>
<record>
  <date>2018-01-02T17:26:16</date>
  <millis>1514903176663</millis>
  <sequence>104</sequence>
  <level>INFO</level>
  <class>com.kms.katalon.core.logging.KeywordLogger</class>
  <method>logMessage</method>
  <thread>1</thread>
  <message>Finding web element with id: &amp;apos;Object Repository/Page_Execute Automation (1)/input_Password&amp;apos; located by &amp;apos;By.xpath: //input[count(. | //*[@name = &amp;apos;Password&amp;apos;]) = count(//*[@name = &amp;apos;Password&amp;apos;])][count(. | //*[@type = &amp;apos;text&amp;apos;]) = count(//*[@type = &amp;apos;text&amp;apos;])]&amp;apos; in &amp;apos;30&amp;apos; second(s)</message>
  <nestedLevel>1</nestedLevel>
</record>
<record>
  <date>2018-01-02T17:26:16</date>
  <millis>1514903176680</millis>
  <sequence>105</sequence>
  <level>INFO</level>
  <class>com.kms.katalon.core.logging.KeywordLogger</class>
  <method>logMessage</method>
  <thread>1</thread>
  <message>Found 1 web elements with id: &amp;apos;Object Repository/Page_Execute Automation (1)/input_Password&amp;apos; located by &amp;apos;By.xpath: //input[count(. | //*[@name = &amp;apos;Password&amp;apos;]) = count(//*[@name = &amp;apos;Password&amp;apos;])][count(. | //*[@type = &amp;apos;text&amp;apos;]) = count(//*[@type = &amp;apos;text&amp;apos;])]&amp;apos; in &amp;apos;30&amp;apos; second(s)</message>
  <nestedLevel>1</nestedLevel>
</record>
<record>
  <date>2018-01-02T17:26:16</date>
  <millis>1514903176681</millis>
  <sequence>106</sequence>
  <level>INFO</level>
  <class>com.kms.katalon.core.logging.KeywordLogger</class>
  <method>logMessage</method>
  <thread>1</thread>
  <message>Clearing text of object &amp;apos;Object Repository/Page_Execute Automation (1)/input_Password&amp;apos;</message>
  <nestedLevel>1</nestedLevel>
</record>
<record>
  <date>2018-01-02T17:26:16</date>
  <millis>1514903176703</millis>
  <sequence>107</sequence>
  <level>INFO</level>
  <class>com.kms.katalon.core.logging.KeywordLogger</class>
  <method>logMessage</method>
  <thread>1</thread>
  <message>Checking timeout</message>
  <nestedLevel>1</nestedLevel>
</record>
<record>
  <date>2018-01-02T17:26:16</date>
  <millis>1514903176704</millis>
  <sequence>108</sequence>
  <level>INFO</level>
  <class>com.kms.katalon.core.logging.KeywordLogger</class>
  <method>logMessage</method>
  <thread>1</thread>
  <message>Finding web element with id: &amp;apos;Object Repository/Page_Execute Automation (1)/input_Password&amp;apos; located by &amp;apos;By.xpath: //input[count(. | //*[@name = &amp;apos;Password&amp;apos;]) = count(//*[@name = &amp;apos;Password&amp;apos;])][count(. | //*[@type = &amp;apos;text&amp;apos;]) = count(//*[@type = &amp;apos;text&amp;apos;])]&amp;apos; in &amp;apos;30&amp;apos; second(s)</message>
  <nestedLevel>1</nestedLevel>
</record>
<record>
  <date>2018-01-02T17:26:16</date>
  <millis>1514903176716</millis>
  <sequence>109</sequence>
  <level>INFO</level>
  <class>com.kms.katalon.core.logging.KeywordLogger</class>
  <method>logMessage</method>
  <thread>1</thread>
  <message>Found 1 web elements with id: &amp;apos;Object Repository/Page_Execute Automation (1)/input_Password&amp;apos; located by &amp;apos;By.xpath: //input[count(. | //*[@name = &amp;apos;Password&amp;apos;]) = count(//*[@name = &amp;apos;Password&amp;apos;])][count(. | //*[@type = &amp;apos;text&amp;apos;]) = count(//*[@type = &amp;apos;text&amp;apos;])]&amp;apos; in &amp;apos;30&amp;apos; second(s)</message>
  <nestedLevel>1</nestedLevel>
</record>
<record>
  <date>2018-01-02T17:26:16</date>
  <millis>1514903176717</millis>
  <sequence>110</sequence>
  <level>INFO</level>
  <class>com.kms.katalon.core.logging.KeywordLogger</class>
  <method>logMessage</method>
  <thread>1</thread>
  <message>Setting text of object &amp;apos;Object Repository/Page_Execute Automation (1)/input_Password&amp;apos; to value &amp;apos;admin&amp;apos;</message>
  <nestedLevel>1</nestedLevel>
</record>
<record>
  <date>2018-01-02T17:26:16</date>
  <millis>1514903176758</millis>
  <sequence>111</sequence>
  <level>PASSED</level>
  <class>com.kms.katalon.core.logging.KeywordLogger</class>
  <method>logMessage</method>
  <thread>1</thread>
  <message>Text &amp;apos;admin&amp;apos; is set on object &amp;apos;Object Repository/Page_Execute Automation (1)/input_Password&amp;apos;</message>
  <nestedLevel>1</nestedLevel>
</record>
<record>
  <date>2018-01-02T17:26:16</date>
  <millis>1514903176759</millis>
  <sequence>112</sequence>
  <level>END</level>
  <class>com.kms.katalon.core.logging.KeywordLogger</class>
  <method>endKeyword</method>
  <thread>1</thread>
  <message>End action : setText</message>
  <nestedLevel>1</nestedLevel>
</record>
<record>
  <date>2018-01-02T17:26:16</date>
  <millis>1514903176760</millis>
  <sequence>113</sequence>
  <level>START</level>
  <class>com.kms.katalon.core.logging.KeywordLogger</class>
  <method>startKeyword</method>
  <thread>1</thread>
  <message>Start action : click</message>
  <nestedLevel>1</nestedLevel>
  <property name="startLine">31</property>
  <property name="stepIndex">5</property>
</record>
<record>
  <date>2018-01-02T17:26:16</date>
  <millis>1514903176762</millis>
  <sequence>114</sequence>
  <level>INFO</level>
  <class>com.kms.katalon.core.logging.KeywordLogger</class>
  <method>logMessage</method>
  <thread>1</thread>
  <message>Finding Test Object with id &amp;apos;Object Repository/Page_Execute Automation (1)/input_Login&amp;apos;</message>
  <nestedLevel>1</nestedLevel>
</record>
<record>
  <date>2018-01-02T17:26:16</date>
  <millis>1514903176776</millis>
  <sequence>115</sequence>
  <level>INFO</level>
  <class>com.kms.katalon.core.logging.KeywordLogger</class>
  <method>logMessage</method>
  <thread>1</thread>
  <message>Checking object</message>
  <nestedLevel>1</nestedLevel>
</record>
<record>
  <date>2018-01-02T17:26:16</date>
  <millis>1514903176777</millis>
  <sequence>116</sequence>
  <level>INFO</level>
  <class>com.kms.katalon.core.logging.KeywordLogger</class>
  <method>logMessage</method>
  <thread>1</thread>
  <message>Checking timeout</message>
  <nestedLevel>1</nestedLevel>
</record>
<record>
  <date>2018-01-02T17:26:16</date>
  <millis>1514903176777</millis>
  <sequence>117</sequence>
  <level>INFO</level>
  <class>com.kms.katalon.core.logging.KeywordLogger</class>
  <method>logMessage</method>
  <thread>1</thread>
  <message>Finding web element with id: &amp;apos;Object Repository/Page_Execute Automation (1)/input_Login&amp;apos; located by &amp;apos;By.xpath: //input[count(. | //*[@name = &amp;apos;Login&amp;apos;]) = count(//*[@name = &amp;apos;Login&amp;apos;])][count(. | //*[@type = &amp;apos;submit&amp;apos;]) = count(//*[@type = &amp;apos;submit&amp;apos;])]&amp;apos; in &amp;apos;30&amp;apos; second(s)</message>
  <nestedLevel>1</nestedLevel>
</record>
<record>
  <date>2018-01-02T17:26:16</date>
  <millis>1514903176793</millis>
  <sequence>118</sequence>
  <level>INFO</level>
  <class>com.kms.katalon.core.logging.KeywordLogger</class>
  <method>logMessage</method>
  <thread>1</thread>
  <message>Found 1 web elements with id: &amp;apos;Object Repository/Page_Execute Automation (1)/input_Login&amp;apos; located by &amp;apos;By.xpath: //input[count(. | //*[@name = &amp;apos;Login&amp;apos;]) = count(//*[@name = &amp;apos;Login&amp;apos;])][count(. | //*[@type = &amp;apos;submit&amp;apos;]) = count(//*[@type = &amp;apos;submit&amp;apos;])]&amp;apos; in &amp;apos;30&amp;apos; second(s)</message>
  <nestedLevel>1</nestedLevel>
</record>
<record>
  <date>2018-01-02T17:26:16</date>
  <millis>1514903176794</millis>
  <sequence>119</sequence>
  <level>INFO</level>
  <class>com.kms.katalon.core.logging.KeywordLogger</class>
  <method>logMessage</method>
  <thread>1</thread>
  <message>Clicking on object: &amp;apos;Object Repository/Page_Execute Automation (1)/input_Login&amp;apos;</message>
  <nestedLevel>1</nestedLevel>
</record>
<record>
  <date>2018-01-02T17:26:17</date>
  <millis>1514903177223</millis>
  <sequence>120</sequence>
  <level>PASSED</level>
  <class>com.kms.katalon.core.logging.KeywordLogger</class>
  <method>logMessage</method>
  <thread>1</thread>
  <message>Object: &amp;apos;Object Repository/Page_Execute Automation (1)/input_Login&amp;apos; is clicked on</message>
  <nestedLevel>1</nestedLevel>
</record>
<record>
  <date>2018-01-02T17:26:17</date>
  <millis>1514903177223</millis>
  <sequence>121</sequence>
  <level>END</level>
  <class>com.kms.katalon.core.logging.KeywordLogger</class>
  <method>endKeyword</method>
  <thread>1</thread>
  <message>End action : click</message>
  <nestedLevel>1</nestedLevel>
</record>
<record>
  <date>2018-01-02T17:26:17</date>
  <millis>1514903177224</millis>
  <sequence>122</sequence>
  <level>START</level>
  <class>com.kms.katalon.core.logging.KeywordLogger</class>
  <method>startKeyword</method>
  <thread>1</thread>
  <message>Start action : selectOptionByValue</message>
  <nestedLevel>1</nestedLevel>
  <property name="startLine">33</property>
  <property name="stepIndex">6</property>
</record>
<record>
  <date>2018-01-02T17:26:17</date>
  <millis>1514903177224</millis>
  <sequence>123</sequence>
  <level>INFO</level>
  <class>com.kms.katalon.core.logging.KeywordLogger</class>
  <method>logMessage</method>
  <thread>1</thread>
  <message>Finding Test Object with id &amp;apos;Object Repository/Page_Execute Automation (1)/select_TitleId&amp;apos;</message>
  <nestedLevel>1</nestedLevel>
</record>
<record>
  <date>2018-01-02T17:26:17</date>
  <millis>1514903177254</millis>
  <sequence>124</sequence>
  <level>INFO</level>
  <class>com.kms.katalon.core.logging.KeywordLogger</class>
  <method>logMessage</method>
  <thread>1</thread>
  <message>Checking object</message>
  <nestedLevel>1</nestedLevel>
</record>
<record>
  <date>2018-01-02T17:26:17</date>
  <millis>1514903177254</millis>
  <sequence>125</sequence>
  <level>INFO</level>
  <class>com.kms.katalon.core.logging.KeywordLogger</class>
  <method>logMessage</method>
  <thread>1</thread>
  <message>Checking value parameter</message>
  <nestedLevel>1</nestedLevel>
</record>
<record>
  <date>2018-01-02T17:26:17</date>
  <millis>1514903177256</millis>
  <sequence>126</sequence>
  <level>INFO</level>
  <class>com.kms.katalon.core.logging.KeywordLogger</class>
  <method>logMessage</method>
  <thread>1</thread>
  <message>Checking timeout</message>
  <nestedLevel>1</nestedLevel>
</record>
<record>
  <date>2018-01-02T17:26:17</date>
  <millis>1514903177258</millis>
  <sequence>127</sequence>
  <level>INFO</level>
  <class>com.kms.katalon.core.logging.KeywordLogger</class>
  <method>logMessage</method>
  <thread>1</thread>
  <message>Finding web element with id: &amp;apos;Object Repository/Page_Execute Automation (1)/select_TitleId&amp;apos; located by &amp;apos;By.xpath: //select[count(. | //*[@id = &amp;apos;TitleId&amp;apos;]) = count(//*[@id = &amp;apos;TitleId&amp;apos;])][count(. | //*[@name = &amp;apos;TitleId&amp;apos;]) = count(//*[@name = &amp;apos;TitleId&amp;apos;])]&amp;apos; in &amp;apos;30&amp;apos; second(s)</message>
  <nestedLevel>1</nestedLevel>
</record>
<record>
  <date>2018-01-02T17:26:17</date>
  <millis>1514903177304</millis>
  <sequence>128</sequence>
  <level>INFO</level>
  <class>com.kms.katalon.core.logging.KeywordLogger</class>
  <method>logMessage</method>
  <thread>1</thread>
  <message>Found 1 web elements with id: &amp;apos;Object Repository/Page_Execute Automation (1)/select_TitleId&amp;apos; located by &amp;apos;By.xpath: //select[count(. | //*[@id = &amp;apos;TitleId&amp;apos;]) = count(//*[@id = &amp;apos;TitleId&amp;apos;])][count(. | //*[@name = &amp;apos;TitleId&amp;apos;]) = count(//*[@name = &amp;apos;TitleId&amp;apos;])]&amp;apos; in &amp;apos;30&amp;apos; second(s)</message>
  <nestedLevel>1</nestedLevel>
</record>
<record>
  <date>2018-01-02T17:26:17</date>
  <millis>1514903177457</millis>
  <sequence>129</sequence>
  <level>INFO</level>
  <class>com.kms.katalon.core.logging.KeywordLogger</class>
  <method>logMessage</method>
  <thread>1</thread>
  <message>Selecting options on object &amp;apos;Object Repository/Page_Execute Automation (1)/select_TitleId&amp;apos; with value &amp;apos;2&amp;apos; using regular expression</message>
  <nestedLevel>1</nestedLevel>
</record>
<record>
  <date>2018-01-02T17:26:17</date>
  <millis>1514903177580</millis>
  <sequence>130</sequence>
  <level>INFO</level>
  <class>com.kms.katalon.core.logging.KeywordLogger</class>
  <method>logMessage</method>
  <thread>1</thread>
  <message>Option at index &amp;apos;2&amp;apos; with value &amp;apos;2&amp;apos; is selected  using regular expression</message>
  <nestedLevel>1</nestedLevel>
</record>
<record>
  <date>2018-01-02T17:26:17</date>
  <millis>1514903177581</millis>
  <sequence>131</sequence>
  <level>PASSED</level>
  <class>com.kms.katalon.core.logging.KeywordLogger</class>
  <method>logMessage</method>
  <thread>1</thread>
  <message>All options with value &amp;apos;2&amp;apos; are selected in object &amp;apos;Object Repository/Page_Execute Automation (1)/select_TitleId&amp;apos;  using regular expression</message>
  <nestedLevel>1</nestedLevel>
</record>
<record>
  <date>2018-01-02T17:26:17</date>
  <millis>1514903177582</millis>
  <sequence>132</sequence>
  <level>END</level>
  <class>com.kms.katalon.core.logging.KeywordLogger</class>
  <method>endKeyword</method>
  <thread>1</thread>
  <message>End action : selectOptionByValue</message>
  <nestedLevel>1</nestedLevel>
</record>
<record>
  <date>2018-01-02T17:26:17</date>
  <millis>1514903177582</millis>
  <sequence>133</sequence>
  <level>START</level>
  <class>com.kms.katalon.core.logging.KeywordLogger</class>
  <method>startKeyword</method>
  <thread>1</thread>
  <message>Start action : setText</message>
  <nestedLevel>1</nestedLevel>
  <property name="startLine">35</property>
  <property name="stepIndex">7</property>
</record>
<record>
  <date>2018-01-02T17:26:17</date>
  <millis>1514903177583</millis>
  <sequence>134</sequence>
  <level>INFO</level>
  <class>com.kms.katalon.core.logging.KeywordLogger</class>
  <method>logMessage</method>
  <thread>1</thread>
  <message>Finding Test Object with id &amp;apos;Object Repository/Page_Execute Automation (1)/input_Initial&amp;apos;</message>
  <nestedLevel>1</nestedLevel>
</record>
<record>
  <date>2018-01-02T17:26:17</date>
  <millis>1514903177612</millis>
  <sequence>135</sequence>
  <level>INFO</level>
  <class>com.kms.katalon.core.logging.KeywordLogger</class>
  <method>logMessage</method>
  <thread>1</thread>
  <message>Checking object</message>
  <nestedLevel>1</nestedLevel>
</record>
<record>
  <date>2018-01-02T17:26:17</date>
  <millis>1514903177612</millis>
  <sequence>136</sequence>
  <level>INFO</level>
  <class>com.kms.katalon.core.logging.KeywordLogger</class>
  <method>logMessage</method>
  <thread>1</thread>
  <message>Checking text</message>
  <nestedLevel>1</nestedLevel>
</record>
<record>
  <date>2018-01-02T17:26:17</date>
  <millis>1514903177612</millis>
  <sequence>137</sequence>
  <level>INFO</level>
  <class>com.kms.katalon.core.logging.KeywordLogger</class>
  <method>logMessage</method>
  <thread>1</thread>
  <message>Checking timeout</message>
  <nestedLevel>1</nestedLevel>
</record>
<record>
  <date>2018-01-02T17:26:17</date>
  <millis>1514903177613</millis>
  <sequence>138</sequence>
  <level>INFO</level>
  <class>com.kms.katalon.core.logging.KeywordLogger</class>
  <method>logMessage</method>
  <thread>1</thread>
  <message>Finding web element with id: &amp;apos;Object Repository/Page_Execute Automation (1)/input_Initial&amp;apos; located by &amp;apos;By.xpath: //input[count(. | //*[@id = &amp;apos;Initial&amp;apos;]) = count(//*[@id = &amp;apos;Initial&amp;apos;])][count(. | //*[@name = &amp;apos;Initial&amp;apos;]) = count(//*[@name = &amp;apos;Initial&amp;apos;])][count(. | //*[@type = &amp;apos;text&amp;apos;]) = count(//*[@type = &amp;apos;text&amp;apos;])]&amp;apos; in &amp;apos;30&amp;apos; second(s)</message>
  <nestedLevel>1</nestedLevel>
</record>
<record>
  <date>2018-01-02T17:26:17</date>
  <millis>1514903177640</millis>
  <sequence>139</sequence>
  <level>INFO</level>
  <class>com.kms.katalon.core.logging.KeywordLogger</class>
  <method>logMessage</method>
  <thread>1</thread>
  <message>Found 1 web elements with id: &amp;apos;Object Repository/Page_Execute Automation (1)/input_Initial&amp;apos; located by &amp;apos;By.xpath: //input[count(. | //*[@id = &amp;apos;Initial&amp;apos;]) = count(//*[@id = &amp;apos;Initial&amp;apos;])][count(. | //*[@name = &amp;apos;Initial&amp;apos;]) = count(//*[@name = &amp;apos;Initial&amp;apos;])][count(. | //*[@type = &amp;apos;text&amp;apos;]) = count(//*[@type = &amp;apos;text&amp;apos;])]&amp;apos; in &amp;apos;30&amp;apos; second(s)</message>
  <nestedLevel>1</nestedLevel>
</record>
<record>
  <date>2018-01-02T17:26:17</date>
  <millis>1514903177640</millis>
  <sequence>140</sequence>
  <level>INFO</level>
  <class>com.kms.katalon.core.logging.KeywordLogger</class>
  <method>logMessage</method>
  <thread>1</thread>
  <message>Clearing text of object &amp;apos;Object Repository/Page_Execute Automation (1)/input_Initial&amp;apos;</message>
  <nestedLevel>1</nestedLevel>
</record>
<record>
  <date>2018-01-02T17:26:17</date>
  <millis>1514903177662</millis>
  <sequence>141</sequence>
  <level>INFO</level>
  <class>com.kms.katalon.core.logging.KeywordLogger</class>
  <method>logMessage</method>
  <thread>1</thread>
  <message>Checking timeout</message>
  <nestedLevel>1</nestedLevel>
</record>
<record>
  <date>2018-01-02T17:26:17</date>
  <millis>1514903177662</millis>
  <sequence>142</sequence>
  <level>INFO</level>
  <class>com.kms.katalon.core.logging.KeywordLogger</class>
  <method>logMessage</method>
  <thread>1</thread>
  <message>Finding web element with id: &amp;apos;Object Repository/Page_Execute Automation (1)/input_Initial&amp;apos; located by &amp;apos;By.xpath: //input[count(. | //*[@id = &amp;apos;Initial&amp;apos;]) = count(//*[@id = &amp;apos;Initial&amp;apos;])][count(. | //*[@name = &amp;apos;Initial&amp;apos;]) = count(//*[@name = &amp;apos;Initial&amp;apos;])][count(. | //*[@type = &amp;apos;text&amp;apos;]) = count(//*[@type = &amp;apos;text&amp;apos;])]&amp;apos; in &amp;apos;30&amp;apos; second(s)</message>
  <nestedLevel>1</nestedLevel>
</record>
<record>
  <date>2018-01-02T17:26:17</date>
  <millis>1514903177663</millis>
  <sequence>143</sequence>
  <level>INFO</level>
  <class>com.kms.katalon.core.logging.KeywordLogger</class>
  <method>logMessage</method>
  <thread>1</thread>
  <message>Found 1 web elements with id: &amp;apos;Object Repository/Page_Execute Automation (1)/input_Initial&amp;apos; located by &amp;apos;By.xpath: //input[count(. | //*[@id = &amp;apos;Initial&amp;apos;]) = count(//*[@id = &amp;apos;Initial&amp;apos;])][count(. | //*[@name = &amp;apos;Initial&amp;apos;]) = count(//*[@name = &amp;apos;Initial&amp;apos;])][count(. | //*[@type = &amp;apos;text&amp;apos;]) = count(//*[@type = &amp;apos;text&amp;apos;])]&amp;apos; in &amp;apos;30&amp;apos; second(s)</message>
  <nestedLevel>1</nestedLevel>
</record>
<record>
  <date>2018-01-02T17:26:17</date>
  <millis>1514903177663</millis>
  <sequence>144</sequence>
  <level>INFO</level>
  <class>com.kms.katalon.core.logging.KeywordLogger</class>
  <method>logMessage</method>
  <thread>1</thread>
  <message>Setting text of object &amp;apos;Object Repository/Page_Execute Automation (1)/input_Initial&amp;apos; to value &amp;apos;JJ&amp;apos;</message>
  <nestedLevel>1</nestedLevel>
</record>
<record>
  <date>2018-01-02T17:26:17</date>
  <millis>1514903177732</millis>
  <sequence>145</sequence>
  <level>PASSED</level>
  <class>com.kms.katalon.core.logging.KeywordLogger</class>
  <method>logMessage</method>
  <thread>1</thread>
  <message>Text &amp;apos;JJ&amp;apos; is set on object &amp;apos;Object Repository/Page_Execute Automation (1)/input_Initial&amp;apos;</message>
  <nestedLevel>1</nestedLevel>
</record>
<record>
  <date>2018-01-02T17:26:17</date>
  <millis>1514903177733</millis>
  <sequence>146</sequence>
  <level>END</level>
  <class>com.kms.katalon.core.logging.KeywordLogger</class>
  <method>endKeyword</method>
  <thread>1</thread>
  <message>End action : setText</message>
  <nestedLevel>1</nestedLevel>
</record>
<record>
  <date>2018-01-02T17:26:17</date>
  <millis>1514903177734</millis>
  <sequence>147</sequence>
  <level>START</level>
  <class>com.kms.katalon.core.logging.KeywordLogger</class>
  <method>startKeyword</method>
  <thread>1</thread>
  <message>Start action : setText</message>
  <nestedLevel>1</nestedLevel>
  <property name="startLine">37</property>
  <property name="stepIndex">8</property>
</record>
<record>
  <date>2018-01-02T17:26:17</date>
  <millis>1514903177734</millis>
  <sequence>148</sequence>
  <level>INFO</level>
  <class>com.kms.katalon.core.logging.KeywordLogger</class>
  <method>logMessage</method>
  <thread>1</thread>
  <message>Finding Test Object with id &amp;apos;Object Repository/Page_Execute Automation (1)/input_FirstName&amp;apos;</message>
  <nestedLevel>1</nestedLevel>
</record>
<record>
  <date>2018-01-02T17:26:17</date>
  <millis>1514903177758</millis>
  <sequence>149</sequence>
  <level>INFO</level>
  <class>com.kms.katalon.core.logging.KeywordLogger</class>
  <method>logMessage</method>
  <thread>1</thread>
  <message>Checking object</message>
  <nestedLevel>1</nestedLevel>
</record>
<record>
  <date>2018-01-02T17:26:17</date>
  <millis>1514903177758</millis>
  <sequence>150</sequence>
  <level>INFO</level>
  <class>com.kms.katalon.core.logging.KeywordLogger</class>
  <method>logMessage</method>
  <thread>1</thread>
  <message>Checking text</message>
  <nestedLevel>1</nestedLevel>
</record>
<record>
  <date>2018-01-02T17:26:17</date>
  <millis>1514903177758</millis>
  <sequence>151</sequence>
  <level>INFO</level>
  <class>com.kms.katalon.core.logging.KeywordLogger</class>
  <method>logMessage</method>
  <thread>1</thread>
  <message>Checking timeout</message>
  <nestedLevel>1</nestedLevel>
</record>
<record>
  <date>2018-01-02T17:26:17</date>
  <millis>1514903177759</millis>
  <sequence>152</sequence>
  <level>INFO</level>
  <class>com.kms.katalon.core.logging.KeywordLogger</class>
  <method>logMessage</method>
  <thread>1</thread>
  <message>Finding web element with id: &amp;apos;Object Repository/Page_Execute Automation (1)/input_FirstName&amp;apos; located by &amp;apos;By.xpath: //input[count(. | //*[@id = &amp;apos;FirstName&amp;apos;]) = count(//*[@id = &amp;apos;FirstName&amp;apos;])][count(. | //*[@name = &amp;apos;FirstName&amp;apos;]) = count(//*[@name = &amp;apos;FirstName&amp;apos;])][count(. | //*[@type = &amp;apos;text&amp;apos;]) = count(//*[@type = &amp;apos;text&amp;apos;])]&amp;apos; in &amp;apos;30&amp;apos; second(s)</message>
  <nestedLevel>1</nestedLevel>
</record>
<record>
  <date>2018-01-02T17:26:17</date>
  <millis>1514903177781</millis>
  <sequence>153</sequence>
  <level>INFO</level>
  <class>com.kms.katalon.core.logging.KeywordLogger</class>
  <method>logMessage</method>
  <thread>1</thread>
  <message>Found 1 web elements with id: &amp;apos;Object Repository/Page_Execute Automation (1)/input_FirstName&amp;apos; located by &amp;apos;By.xpath: //input[count(. | //*[@id = &amp;apos;FirstName&amp;apos;]) = count(//*[@id = &amp;apos;FirstName&amp;apos;])][count(. | //*[@name = &amp;apos;FirstName&amp;apos;]) = count(//*[@name = &amp;apos;FirstName&amp;apos;])][count(. | //*[@type = &amp;apos;text&amp;apos;]) = count(//*[@type = &amp;apos;text&amp;apos;])]&amp;apos; in &amp;apos;30&amp;apos; second(s)</message>
  <nestedLevel>1</nestedLevel>
</record>
<record>
  <date>2018-01-02T17:26:17</date>
  <millis>1514903177781</millis>
  <sequence>154</sequence>
  <level>INFO</level>
  <class>com.kms.katalon.core.logging.KeywordLogger</class>
  <method>logMessage</method>
  <thread>1</thread>
  <message>Clearing text of object &amp;apos;Object Repository/Page_Execute Automation (1)/input_FirstName&amp;apos;</message>
  <nestedLevel>1</nestedLevel>
</record>
<record>
  <date>2018-01-02T17:26:17</date>
  <millis>1514903177806</millis>
  <sequence>155</sequence>
  <level>INFO</level>
  <class>com.kms.katalon.core.logging.KeywordLogger</class>
  <method>logMessage</method>
  <thread>1</thread>
  <message>Checking timeout</message>
  <nestedLevel>1</nestedLevel>
</record>
<record>
  <date>2018-01-02T17:26:17</date>
  <millis>1514903177807</millis>
  <sequence>156</sequence>
  <level>INFO</level>
  <class>com.kms.katalon.core.logging.KeywordLogger</class>
  <method>logMessage</method>
  <thread>1</thread>
  <message>Finding web element with id: &amp;apos;Object Repository/Page_Execute Automation (1)/input_FirstName&amp;apos; located by &amp;apos;By.xpath: //input[count(. | //*[@id = &amp;apos;FirstName&amp;apos;]) = count(//*[@id = &amp;apos;FirstName&amp;apos;])][count(. | //*[@name = &amp;apos;FirstName&amp;apos;]) = count(//*[@name = &amp;apos;FirstName&amp;apos;])][count(. | //*[@type = &amp;apos;text&amp;apos;]) = count(//*[@type = &amp;apos;text&amp;apos;])]&amp;apos; in &amp;apos;30&amp;apos; second(s)</message>
  <nestedLevel>1</nestedLevel>
</record>
<record>
  <date>2018-01-02T17:26:17</date>
  <millis>1514903177821</millis>
  <sequence>157</sequence>
  <level>INFO</level>
  <class>com.kms.katalon.core.logging.KeywordLogger</class>
  <method>logMessage</method>
  <thread>1</thread>
  <message>Found 1 web elements with id: &amp;apos;Object Repository/Page_Execute Automation (1)/input_FirstName&amp;apos; located by &amp;apos;By.xpath: //input[count(. | //*[@id = &amp;apos;FirstName&amp;apos;]) = count(//*[@id = &amp;apos;FirstName&amp;apos;])][count(. | //*[@name = &amp;apos;FirstName&amp;apos;]) = count(//*[@name = &amp;apos;FirstName&amp;apos;])][count(. | //*[@type = &amp;apos;text&amp;apos;]) = count(//*[@type = &amp;apos;text&amp;apos;])]&amp;apos; in &amp;apos;30&amp;apos; second(s)</message>
  <nestedLevel>1</nestedLevel>
</record>
<record>
  <date>2018-01-02T17:26:17</date>
  <millis>1514903177822</millis>
  <sequence>158</sequence>
  <level>INFO</level>
  <class>com.kms.katalon.core.logging.KeywordLogger</class>
  <method>logMessage</method>
  <thread>1</thread>
  <message>Setting text of object &amp;apos;Object Repository/Page_Execute Automation (1)/input_FirstName&amp;apos; to value &amp;apos;JJ&amp;apos;</message>
  <nestedLevel>1</nestedLevel>
</record>
<record>
  <date>2018-01-02T17:26:17</date>
  <millis>1514903177863</millis>
  <sequence>159</sequence>
  <level>PASSED</level>
  <class>com.kms.katalon.core.logging.KeywordLogger</class>
  <method>logMessage</method>
  <thread>1</thread>
  <message>Text &amp;apos;JJ&amp;apos; is set on object &amp;apos;Object Repository/Page_Execute Automation (1)/input_FirstName&amp;apos;</message>
  <nestedLevel>1</nestedLevel>
</record>
<record>
  <date>2018-01-02T17:26:17</date>
  <millis>1514903177864</millis>
  <sequence>160</sequence>
  <level>END</level>
  <class>com.kms.katalon.core.logging.KeywordLogger</class>
  <method>endKeyword</method>
  <thread>1</thread>
  <message>End action : setText</message>
  <nestedLevel>1</nestedLevel>
</record>
<record>
  <date>2018-01-02T17:26:17</date>
  <millis>1514903177864</millis>
  <sequence>161</sequence>
  <level>START</level>
  <class>com.kms.katalon.core.logging.KeywordLogger</class>
  <method>startKeyword</method>
  <thread>1</thread>
  <message>Start action : setText</message>
  <nestedLevel>1</nestedLevel>
  <property name="startLine">39</property>
  <property name="stepIndex">9</property>
</record>
<record>
  <date>2018-01-02T17:26:17</date>
  <millis>1514903177864</millis>
  <sequence>162</sequence>
  <level>INFO</level>
  <class>com.kms.katalon.core.logging.KeywordLogger</class>
  <method>logMessage</method>
  <thread>1</thread>
  <message>Finding Test Object with id &amp;apos;Object Repository/Page_Execute Automation (1)/input_MiddleName&amp;apos;</message>
  <nestedLevel>1</nestedLevel>
</record>
<record>
  <date>2018-01-02T17:26:17</date>
  <millis>1514903177897</millis>
  <sequence>163</sequence>
  <level>INFO</level>
  <class>com.kms.katalon.core.logging.KeywordLogger</class>
  <method>logMessage</method>
  <thread>1</thread>
  <message>Checking object</message>
  <nestedLevel>1</nestedLevel>
</record>
<record>
  <date>2018-01-02T17:26:17</date>
  <millis>1514903177897</millis>
  <sequence>164</sequence>
  <level>INFO</level>
  <class>com.kms.katalon.core.logging.KeywordLogger</class>
  <method>logMessage</method>
  <thread>1</thread>
  <message>Checking text</message>
  <nestedLevel>1</nestedLevel>
</record>
<record>
  <date>2018-01-02T17:26:17</date>
  <millis>1514903177897</millis>
  <sequence>165</sequence>
  <level>INFO</level>
  <class>com.kms.katalon.core.logging.KeywordLogger</class>
  <method>logMessage</method>
  <thread>1</thread>
  <message>Checking timeout</message>
  <nestedLevel>1</nestedLevel>
</record>
<record>
  <date>2018-01-02T17:26:17</date>
  <millis>1514903177898</millis>
  <sequence>166</sequence>
  <level>INFO</level>
  <class>com.kms.katalon.core.logging.KeywordLogger</class>
  <method>logMessage</method>
  <thread>1</thread>
  <message>Finding web element with id: &amp;apos;Object Repository/Page_Execute Automation (1)/input_MiddleName&amp;apos; located by &amp;apos;By.xpath: //input[count(. | //*[@id = &amp;apos;MiddleName&amp;apos;]) = count(//*[@id = &amp;apos;MiddleName&amp;apos;])][count(. | //*[@name = &amp;apos;MiddleName&amp;apos;]) = count(//*[@name = &amp;apos;MiddleName&amp;apos;])][count(. | //*[@type = &amp;apos;text&amp;apos;]) = count(//*[@type = &amp;apos;text&amp;apos;])]&amp;apos; in &amp;apos;30&amp;apos; second(s)</message>
  <nestedLevel>1</nestedLevel>
</record>
<record>
  <date>2018-01-02T17:26:17</date>
  <millis>1514903177915</millis>
  <sequence>167</sequence>
  <level>INFO</level>
  <class>com.kms.katalon.core.logging.KeywordLogger</class>
  <method>logMessage</method>
  <thread>1</thread>
  <message>Found 1 web elements with id: &amp;apos;Object Repository/Page_Execute Automation (1)/input_MiddleName&amp;apos; located by &amp;apos;By.xpath: //input[count(. | //*[@id = &amp;apos;MiddleName&amp;apos;]) = count(//*[@id = &amp;apos;MiddleName&amp;apos;])][count(. | //*[@name = &amp;apos;MiddleName&amp;apos;]) = count(//*[@name = &amp;apos;MiddleName&amp;apos;])][count(. | //*[@type = &amp;apos;text&amp;apos;]) = count(//*[@type = &amp;apos;text&amp;apos;])]&amp;apos; in &amp;apos;30&amp;apos; second(s)</message>
  <nestedLevel>1</nestedLevel>
</record>
<record>
  <date>2018-01-02T17:26:17</date>
  <millis>1514903177915</millis>
  <sequence>168</sequence>
  <level>INFO</level>
  <class>com.kms.katalon.core.logging.KeywordLogger</class>
  <method>logMessage</method>
  <thread>1</thread>
  <message>Clearing text of object &amp;apos;Object Repository/Page_Execute Automation (1)/input_MiddleName&amp;apos;</message>
  <nestedLevel>1</nestedLevel>
</record>
<record>
  <date>2018-01-02T17:26:17</date>
  <millis>1514903177936</millis>
  <sequence>169</sequence>
  <level>INFO</level>
  <class>com.kms.katalon.core.logging.KeywordLogger</class>
  <method>logMessage</method>
  <thread>1</thread>
  <message>Checking timeout</message>
  <nestedLevel>1</nestedLevel>
</record>
<record>
  <date>2018-01-02T17:26:17</date>
  <millis>1514903177937</millis>
  <sequence>170</sequence>
  <level>INFO</level>
  <class>com.kms.katalon.core.logging.KeywordLogger</class>
  <method>logMessage</method>
  <thread>1</thread>
  <message>Finding web element with id: &amp;apos;Object Repository/Page_Execute Automation (1)/input_MiddleName&amp;apos; located by &amp;apos;By.xpath: //input[count(. | //*[@id = &amp;apos;MiddleName&amp;apos;]) = count(//*[@id = &amp;apos;MiddleName&amp;apos;])][count(. | //*[@name = &amp;apos;MiddleName&amp;apos;]) = count(//*[@name = &amp;apos;MiddleName&amp;apos;])][count(. | //*[@type = &amp;apos;text&amp;apos;]) = count(//*[@type = &amp;apos;text&amp;apos;])]&amp;apos; in &amp;apos;30&amp;apos; second(s)</message>
  <nestedLevel>1</nestedLevel>
</record>
<record>
  <date>2018-01-02T17:26:17</date>
  <millis>1514903177952</millis>
  <sequence>171</sequence>
  <level>INFO</level>
  <class>com.kms.katalon.core.logging.KeywordLogger</class>
  <method>logMessage</method>
  <thread>1</thread>
  <message>Found 1 web elements with id: &amp;apos;Object Repository/Page_Execute Automation (1)/input_MiddleName&amp;apos; located by &amp;apos;By.xpath: //input[count(. | //*[@id = &amp;apos;MiddleName&amp;apos;]) = count(//*[@id = &amp;apos;MiddleName&amp;apos;])][count(. | //*[@name = &amp;apos;MiddleName&amp;apos;]) = count(//*[@name = &amp;apos;MiddleName&amp;apos;])][count(. | //*[@type = &amp;apos;text&amp;apos;]) = count(//*[@type = &amp;apos;text&amp;apos;])]&amp;apos; in &amp;apos;30&amp;apos; second(s)</message>
  <nestedLevel>1</nestedLevel>
</record>
<record>
  <date>2018-01-02T17:26:17</date>
  <millis>1514903177953</millis>
  <sequence>172</sequence>
  <level>INFO</level>
  <class>com.kms.katalon.core.logging.KeywordLogger</class>
  <method>logMessage</method>
  <thread>1</thread>
  <message>Setting text of object &amp;apos;Object Repository/Page_Execute Automation (1)/input_MiddleName&amp;apos; to value &amp;apos;JJ&amp;apos;</message>
  <nestedLevel>1</nestedLevel>
</record>
<record>
  <date>2018-01-02T17:26:18</date>
  <millis>1514903178005</millis>
  <sequence>173</sequence>
  <level>PASSED</level>
  <class>com.kms.katalon.core.logging.KeywordLogger</class>
  <method>logMessage</method>
  <thread>1</thread>
  <message>Text &amp;apos;JJ&amp;apos; is set on object &amp;apos;Object Repository/Page_Execute Automation (1)/input_MiddleName&amp;apos;</message>
  <nestedLevel>1</nestedLevel>
</record>
<record>
  <date>2018-01-02T17:26:18</date>
  <millis>1514903178007</millis>
  <sequence>174</sequence>
  <level>END</level>
  <class>com.kms.katalon.core.logging.KeywordLogger</class>
  <method>endKeyword</method>
  <thread>1</thread>
  <message>End action : setText</message>
  <nestedLevel>1</nestedLevel>
</record>
<record>
  <date>2018-01-02T17:26:18</date>
  <millis>1514903178008</millis>
  <sequence>175</sequence>
  <level>START</level>
  <class>com.kms.katalon.core.logging.KeywordLogger</class>
  <method>startKeyword</method>
  <thread>1</thread>
  <message>Start action : click</message>
  <nestedLevel>1</nestedLevel>
  <property name="startLine">41</property>
  <property name="stepIndex">10</property>
</record>
<record>
  <date>2018-01-02T17:26:18</date>
  <millis>1514903178008</millis>
  <sequence>176</sequence>
  <level>INFO</level>
  <class>com.kms.katalon.core.logging.KeywordLogger</class>
  <method>logMessage</method>
  <thread>1</thread>
  <message>Finding Test Object with id &amp;apos;Object Repository/Page_Execute Automation (1)/input_Save&amp;apos;</message>
  <nestedLevel>1</nestedLevel>
</record>
<record>
  <date>2018-01-02T17:26:18</date>
  <millis>1514903178041</millis>
  <sequence>177</sequence>
  <level>INFO</level>
  <class>com.kms.katalon.core.logging.KeywordLogger</class>
  <method>logMessage</method>
  <thread>1</thread>
  <message>Checking object</message>
  <nestedLevel>1</nestedLevel>
</record>
<record>
  <date>2018-01-02T17:26:18</date>
  <millis>1514903178041</millis>
  <sequence>178</sequence>
  <level>INFO</level>
  <class>com.kms.katalon.core.logging.KeywordLogger</class>
  <method>logMessage</method>
  <thread>1</thread>
  <message>Checking timeout</message>
  <nestedLevel>1</nestedLevel>
</record>
<record>
  <date>2018-01-02T17:26:18</date>
  <millis>1514903178041</millis>
  <sequence>179</sequence>
  <level>INFO</level>
  <class>com.kms.katalon.core.logging.KeywordLogger</class>
  <method>logMessage</method>
  <thread>1</thread>
  <message>Finding web element with id: &amp;apos;Object Repository/Page_Execute Automation (1)/input_Save&amp;apos; located by &amp;apos;By.xpath: //input[count(. | //*[@name = &amp;apos;Save&amp;apos;]) = count(//*[@name = &amp;apos;Save&amp;apos;])][count(. | //*[@type = &amp;apos;button&amp;apos;]) = count(//*[@type = &amp;apos;button&amp;apos;])]&amp;apos; in &amp;apos;30&amp;apos; second(s)</message>
  <nestedLevel>1</nestedLevel>
</record>
<record>
  <date>2018-01-02T17:26:18</date>
  <millis>1514903178070</millis>
  <sequence>180</sequence>
  <level>INFO</level>
  <class>com.kms.katalon.core.logging.KeywordLogger</class>
  <method>logMessage</method>
  <thread>1</thread>
  <message>Found 1 web elements with id: &amp;apos;Object Repository/Page_Execute Automation (1)/input_Save&amp;apos; located by &amp;apos;By.xpath: //input[count(. | //*[@name = &amp;apos;Save&amp;apos;]) = count(//*[@name = &amp;apos;Save&amp;apos;])][count(. | //*[@type = &amp;apos;button&amp;apos;]) = count(//*[@type = &amp;apos;button&amp;apos;])]&amp;apos; in &amp;apos;30&amp;apos; second(s)</message>
  <nestedLevel>1</nestedLevel>
</record>
<record>
  <date>2018-01-02T17:26:18</date>
  <millis>1514903178070</millis>
  <sequence>181</sequence>
  <level>INFO</level>
  <class>com.kms.katalon.core.logging.KeywordLogger</class>
  <method>logMessage</method>
  <thread>1</thread>
  <message>Clicking on object: &amp;apos;Object Repository/Page_Execute Automation (1)/input_Save&amp;apos;</message>
  <nestedLevel>1</nestedLevel>
</record>
<record>
  <date>2018-01-02T17:26:18</date>
  <millis>1514903178103</millis>
  <sequence>182</sequence>
  <level>PASSED</level>
  <class>com.kms.katalon.core.logging.KeywordLogger</class>
  <method>logMessage</method>
  <thread>1</thread>
  <message>Object: &amp;apos;Object Repository/Page_Execute Automation (1)/input_Save&amp;apos; is clicked on</message>
  <nestedLevel>1</nestedLevel>
</record>
<record>
  <date>2018-01-02T17:26:18</date>
  <millis>1514903178103</millis>
  <sequence>183</sequence>
  <level>END</level>
  <class>com.kms.katalon.core.logging.KeywordLogger</class>
  <method>endKeyword</method>
  <thread>1</thread>
  <message>End action : click</message>
  <nestedLevel>1</nestedLevel>
</record>
<record>
  <date>2018-01-02T17:26:18</date>
  <millis>1514903178103</millis>
  <sequence>184</sequence>
  <level>START</level>
  <class>com.kms.katalon.core.logging.KeywordLogger</class>
  <method>startKeyword</method>
  <thread>1</thread>
  <message>Start action : closeBrowser</message>
  <nestedLevel>1</nestedLevel>
  <property name="startLine">43</property>
  <property name="stepIndex">11</property>
</record>
<record>
  <date>2018-01-02T17:26:18</date>
  <millis>1514903178103</millis>
  <sequence>185</sequence>
  <level>INFO</level>
  <class>com.kms.katalon.core.logging.KeywordLogger</class>
  <method>logMessage</method>
  <thread>1</thread>
  <message>Closing browser</message>
  <nestedLevel>1</nestedLevel>
</record>
<record>
  <date>2018-01-02T17:26:18</date>
  <millis>1514903178893</millis>
  <sequence>186</sequence>
  <level>PASSED</level>
  <class>com.kms.katalon.core.logging.KeywordLogger</class>
  <method>logMessage</method>
  <thread>1</thread>
  <message>Browser is closed</message>
  <nestedLevel>1</nestedLevel>
</record>
<record>
  <date>2018-01-02T17:26:18</date>
  <millis>1514903178893</millis>
  <sequence>187</sequence>
  <level>END</level>
  <class>com.kms.katalon.core.logging.KeywordLogger</class>
  <method>endKeyword</method>
  <thread>1</thread>
  <message>End action : closeBrowser</message>
  <nestedLevel>1</nestedLevel>
</record>
<record>
  <date>2018-01-02T17:26:18</date>
  <millis>1514903178894</millis>
  <sequence>188</sequence>
  <level>PASSED</level>
  <class>com.kms.katalon.core.logging.KeywordLogger</class>
  <method>logMessage</method>
  <thread>1</thread>
  <message>Test Cases/Test Case 2</message>
  <nestedLevel>1</nestedLevel>
</record>
<record>
  <date>2018-01-02T17:26:18</date>
  <millis>1514903178894</millis>
  <sequence>189</sequence>
  <level>END</level>
  <class>com.kms.katalon.core.logging.KeywordLogger</class>
  <method>endTest</method>
  <thread>1</thread>
  <message>End Test Case : Test Cases/Test Case 2</message>
  <nestedLevel>0</nestedLevel>
</record>
<record>
  <date>2018-01-02T17:26:18</date>
  <millis>1514903178931</millis>
  <sequence>190</sequence>
  <level>END</level>
  <class>com.kms.katalon.core.logging.KeywordLogger</class>
  <method>endSuite</method>
  <thread>1</thread>
  <message>End Test Suite : KatalonGit</message>
  <nestedLevel>0</nestedLevel>
</record>
</log>